app/build/intermediates/manifest_merge_blame_file/debug/manifest-merger-blame-debug-report.txt
1<?xml version="1.0" encoding="utf-8"?>
2<manifest xmlns:android="http://schemas.android.com/apk/res/android"
3    package="com.example.dozeeapp"
4    android:versionCode="1"
5    android:versionName="1.0" >
6
7    <uses-sdk
8        android:minSdkVersion="21"
8-->src/main/AndroidManifest.xml
9        android:targetSdkVersion="29" />
9-->src/main/AndroidManifest.xml
10
11    <permission android:name="android.permission.WRITE_EXTERNAL_STORAGE" />
11-->src/main/AndroidManifest.xml:39:5-76
11-->src/main/AndroidManifest.xml:39:17-73
12
13    <uses-permission android:name="android.permission.WRITE_EXTERNAL_STORAGE" />
13-->src/main/AndroidManifest.xml:41:5-81
13-->src/main/AndroidManifest.xml:41:22-78
14    <uses-permission android:name="android.permission.RECEIVE_BOOT_COMPLETED" />
14-->src/main/AndroidManifest.xml:42:5-81
14-->src/main/AndroidManifest.xml:42:22-78
15    <uses-permission android:name="android.permission.INTERNET" />
15-->src/main/AndroidManifest.xml:43:5-67
15-->src/main/AndroidManifest.xml:43:22-64
16    <uses-permission android:name="android.permission.CALL_PHONE" />
16-->src/main/AndroidManifest.xml:45:5-69
16-->src/main/AndroidManifest.xml:45:22-66
17
18    <application
18-->src/main/AndroidManifest.xml:5:5-36:19
19        android:allowBackup="true"
19-->src/main/AndroidManifest.xml:6:9-35
20        android:appComponentFactory="androidx.core.app.CoreComponentFactory"
20-->[androidx.core:core:1.3.1] AndroidManifest.xml:24:18-86
21        android:debuggable="true"
22        android:hardwareAccelerated="true"
22-->src/main/AndroidManifest.xml:7:9-43
23        android:icon="@mipmap/ic_launcher"
23-->src/main/AndroidManifest.xml:8:9-43
24        android:label="@string/app_name"
24-->src/main/AndroidManifest.xml:9:9-41
25        android:largeHeap="true"
25-->src/main/AndroidManifest.xml:10:9-33
26        android:roundIcon="@mipmap/ic_launcher_round"
26-->src/main/AndroidManifest.xml:11:9-54
27        android:supportsRtl="true"
27-->src/main/AndroidManifest.xml:12:9-35
28        android:theme="@style/AppTheme" >
28-->src/main/AndroidManifest.xml:13:9-40
29        <activity
29-->src/main/AndroidManifest.xml:14:9-21:20
30            android:name="com.example.dozeeapp.Splash"
30-->src/main/AndroidManifest.xml:14:19-41
31            android:theme="@style/Theme.AppCompat.Light.NoActionBar" >
31-->src/main/AndroidManifest.xml:15:13-69
32            <intent-filter>
32-->src/main/AndroidManifest.xml:16:13-20:29
33                <action android:name="android.intent.action.MAIN" />
33-->src/main/AndroidManifest.xml:17:17-69
33-->src/main/AndroidManifest.xml:17:25-66
34
35                <category android:name="android.intent.category.LAUNCHER" />
35-->src/main/AndroidManifest.xml:19:17-77
35-->src/main/AndroidManifest.xml:19:27-74
36            </intent-filter>
37        </activity>
38        <activity
38-->src/main/AndroidManifest.xml:22:9-26:20
39            android:name="com.example.dozeeapp.MainActivity"
39-->src/main/AndroidManifest.xml:23:13-41
40            android:theme="@style/Theme.AppCompat.Light.NoActionBar" >
40-->src/main/AndroidManifest.xml:24:13-69
41        </activity>
42
43        <provider
44            android:name="androidx.core.content.FileProvider"
44-->src/main/AndroidManifest.xml:28:13-62
45            android:authorities="com.example.dozeeapp.provider"
45-->src/main/AndroidManifest.xml:29:13-60
46            android:exported="false"
46-->src/main/AndroidManifest.xml:30:13-37
47            android:grantUriPermissions="true" >
47-->src/main/AndroidManifest.xml:31:13-47
48            <meta-data
48-->src/main/AndroidManifest.xml:32:13-34:58
49                android:name="android.support.FILE_PROVIDER_PATHS"
49-->src/main/AndroidManifest.xml:33:17-67
50                android:resource="@xml/provider_paths" />
50-->src/main/AndroidManifest.xml:34:17-55
51        </provider>
52    </application>
53
54</manifest>